[debug] ----------------------------------------------------------------------
[debug] Command:      /home/seth/n/bin/node /home/seth/lab/pwa-from-scratch/work/node_modules/.bin/firebase serve
[debug] CLI Version:  3.6.1
[debug] Platform:     linux
[debug] Node Version: v6.10.2
[debug] Time:         Sun Apr 23 2017 13:09:19 GMT-0500 (CDT)
[debug] ----------------------------------------------------------------------
[debug] 
[debug] > command requires scopes: ["email","openid","https://www.googleapis.com/auth/cloudplatformprojects.readonly","https://www.googleapis.com/auth/firebase","https://www.googleapis.com/auth/cloud-platform"]
[debug] >>> HTTP REQUEST GET https://admin.firebase.com/v1/projects/show-app-ec614  
 Sun Apr 23 2017 13:09:19 GMT-0500 (CDT)
[debug] <<< HTTP RESPONSE 200
[debug] >>> HTTP REQUEST GET https://admin.firebase.com/v1/database/show-app-ec614/tokens  
 Sun Apr 23 2017 13:09:20 GMT-0500 (CDT)
[debug] <<< HTTP RESPONSE 200
[info] Starting Firebase development server...
[info] 
[info] Project Directory: /home/seth/lab/pwa-from-scratch/work
[debug] >>> HTTP REQUEST GET https://cloudresourcemanager.googleapis.com/v1/projects/show-app-ec614  
 Sun Apr 23 2017 13:09:20 GMT-0500 (CDT)
[debug] <<< HTTP RESPONSE 200
[debug] >>> HTTP REQUEST GET https://mobilesdk-pa.googleapis.com/v1/projects/821108119158/clients/_:getWebAppConfig  
 Sun Apr 23 2017 13:09:20 GMT-0500 (CDT)
[debug] <<< HTTP RESPONSE 200
[info] Public Directory: public
[info] 
[info] Server listening at: http://localhost:5000
